<?xml version="1.0" encoding="UTF-8"?>
<!-- Generated by org.testng.reporters.JUnitXMLReporter -->
<testsuite ignored="0" hostname="DESKTOP-3EUINVS" failures="0" tests="1" name="Test" time="0.083" errors="0" timestamp="2022-08-11T13:40:42 BDT">
  <testcase classname="com.anydo.testCases.BaseClass" name="@BeforeClass setUp" time="-1.660203642842E9">
    <failure type="org.testng.TestNGException" message="
Parameter &amp;apos;browser&amp;apos; is required by BeforeClass on method setUp but has not been marked @Optional or defined
in C:\Users\niloy\eclipse-workspace\AnyDoWebAutomation\testng.xml">
      <![CDATA[org.testng.TestNGException: 
Parameter 'browser' is required by BeforeClass on method setUp but has not been marked @Optional or defined
in C:\Users\niloy\eclipse-workspace\AnyDoWebAutomation\testng.xml
at java.base/java.util.ArrayList.forEach(ArrayList.java:1511)
... Removed 22 stack frames]]>
    </failure>
  </testcase> <!-- @BeforeClass setUp -->
  <testcase classname="com.anydo.testCases.BaseClass" name="@AfterClass tearDown" time="0.0">
    <skipped/>
  </testcase> <!-- @AfterClass tearDown -->
  <testcase classname="com.anydo.testCases.TC_CreateTaskwithNoteReminder_002" name="createTaskNoteReminderTest" time="0.0">
    <skipped/>
  </testcase> <!-- createTaskNoteReminderTest -->
</testsuite> <!-- Test -->
